2026-04-27 14:39:57,987 - INFO - === 开始同步 2026-04-23 的Token数据 ===
2026-04-27 14:39:57,987 - INFO - 数据库连接成功: /root/shijingjing/upload_tokens/one-api.db
2026-04-27 14:39:57,988 - INFO - 查询日期 2026-04-23 的数据 (时间戳: 1776873600 - 1776960000)
2026-04-27 14:39:57,989 - INFO - 查询到 2 条记录
2026-04-27 14:39:57,989 - INFO - 数据库连接已关闭
2026-04-27 14:39:57,989 - INFO - 转换 2 条记录为稽核系统格式
2026-04-27 14:40:38,008 - INFO - === 开始同步 2026-04-23 的Token数据 ===
2026-04-27 14:40:38,008 - INFO - 数据库连接成功: /root/shijingjing/upload_tokens/one-api.db
2026-04-27 14:40:38,010 - INFO - 查询日期 2026-04-23 的数据 (时间戳: 1776873600 - 1776960000)
2026-04-27 14:40:38,010 - INFO - 查询到 2 条记录
2026-04-27 14:40:38,010 - INFO - 数据库连接已关闭
2026-04-27 14:40:38,010 - INFO - 转换 2 条记录为稽核系统格式
2026-04-27 14:40:51,449 - INFO - === 开始同步 2026-04-23 的Token数据 ===
2026-04-27 14:40:51,449 - INFO - 数据库连接成功: /root/shijingjing/upload_tokens/one-api.db
2026-04-27 14:40:51,450 - INFO - 查询日期 2026-04-23 的数据 (时间戳: 1776873600 - 1776960000)
2026-04-27 14:40:51,450 - INFO - 查询到 2 条记录
2026-04-27 14:40:51,450 - INFO - 数据库连接已关闭
2026-04-27 14:40:51,451 - INFO - 转换 2 条记录为稽核系统格式
2026-04-27 14:42:07,753 - INFO - === 开始同步 2026-04-23 的Token数据 ===
2026-04-27 14:42:07,753 - INFO - 数据库连接成功: /root/shijingjing/upload_tokens/one-api.db
2026-04-27 14:42:07,754 - INFO - 查询日期 2026-04-23 的数据 (时间戳: 1776873600 - 1776960000)
2026-04-27 14:42:07,755 - INFO - 查询到 2 条记录
2026-04-27 14:42:07,755 - INFO - 数据库连接已关闭
2026-04-27 14:42:32,433 - INFO - === 开始同步 2026-04-23 的Token数据 ===
2026-04-27 14:42:32,433 - INFO - 数据库连接成功: /root/shijingjing/upload_tokens/one-api.db
2026-04-27 14:44:07,577 - INFO - === 开始同步 2026-04-23 的Token数据 ===
2026-04-27 14:44:07,577 - INFO - 数据库连接成功: /root/shijingjing/upload_tokens/one-api.db
2026-04-27 14:44:07,578 - INFO - 查询日期 2026-04-23 的数据 (时间戳: 1776873600 - 1776960000)
2026-04-27 14:44:07,579 - INFO - 查询到 2 条记录
2026-04-27 14:44:07,579 - INFO - 数据库连接已关闭
2026-04-27 14:44:07,579 - INFO - 转换 2 条记录为稽核系统格式
2026-04-27 14:44:36,511 - INFO - === 开始同步 2026-04-23 的Token数据 ===
2026-04-27 14:44:36,511 - INFO - 数据库连接成功: /root/shijingjing/upload_tokens/one-api.db
2026-04-27 14:44:36,513 - INFO - 查询日期 2026-04-23 的数据 (时间戳: 1776873600 - 1776960000)
2026-04-27 14:44:36,513 - INFO - 查询到 2 条记录
2026-04-27 14:44:36,513 - INFO - 数据库连接已关闭
2026-04-27 14:44:36,513 - INFO - 转换 2 条记录为稽核系统格式
2026-04-27 14:44:36,514 - INFO - === 同步完成，生成 1 个文件 ===
2026-04-27 15:37:06,678 - INFO - === 开始同步 2026-04-23 的Token数据 ===
2026-04-27 15:37:06,678 - INFO - 数据库连接成功: /root/shijingjing/upload_tokens/one-api.db
2026-04-27 15:37:06,680 - INFO - 查询日期 2026-04-23 的数据 (时间戳: 1776873600 - 1776960000)
2026-04-27 15:37:06,680 - INFO - 查询到 2 条记录
2026-04-27 15:37:06,680 - INFO - 数据库连接已关闭
2026-04-27 15:37:06,680 - INFO - 转换 2 条记录为稽核系统格式
2026-04-27 15:37:06,681 - INFO - === 同步完成，生成 1 个文件 ===
2026-04-28 10:22:32,899 - INFO - === 开始同步 2026-04-23 的Token数据 ===
2026-04-28 10:22:32,899 - INFO - 数据库连接成功: /root/shijingjing/upload_tokens/one-api.db
2026-04-28 10:22:32,900 - INFO - 查询日期 2026-04-23 的数据 (时间戳: 1776873600 - 1776960000)
2026-04-28 10:22:32,901 - INFO - 查询到 2 条记录
2026-04-28 10:22:32,901 - INFO - 数据库连接已关闭
2026-04-28 10:22:32,901 - INFO - 转换 2 条记录为稽核系统格式
2026-04-28 10:22:32,902 - INFO - 生成文件：
2026-04-28 10:22:32,902 - INFO -   - DAT: /usr/token/data/10800_GMGS_YZPT_AIP_MDL_TOKEN_INFO_20260428_20260423_D_00_0001.DAT.gz
2026-04-28 10:22:32,902 - INFO -   - VAL: /usr/token/data/10800_GMGS_YZPT_AIP_MDL_TOKEN_INFO_20260428_20260423_D_00_0001.VAL
2026-04-28 10:22:32,902 - INFO -   - CHECK: /usr/token/data/10800_GMGS_YZPT_AIP_MDL_TOKEN_INFO_20260428_20260423_D_00_0001.CHECK
2026-04-28 10:22:32,902 - INFO - === 同步完成，生成 1 个文件 ===
2026-04-28 13:34:30,735 - INFO - === 开始同步 2026-04-23 的Token数据 ===
2026-04-28 13:34:30,735 - INFO - 数据库连接成功: /root/shijingjing/upload_tokens/one-api.db
2026-04-28 13:34:30,736 - INFO - 查询日期 2026-04-23 的数据 (时间戳: 1776873600 - 1776960000)
2026-04-28 13:34:30,736 - INFO - 查询到 2 条记录
2026-04-28 13:34:30,736 - INFO - 数据库连接已关闭
2026-04-28 13:34:30,737 - INFO - 转换 2 条记录为稽核系统格式
2026-04-28 13:34:30,737 - INFO - 生成文件：
2026-04-28 13:34:30,737 - INFO -   - DAT: /usr/token/data/10800_GMGS_YZPT_AIP_MDL_TOKEN_INFO_20260428_20260423_D_00_0001.DAT.gz
2026-04-28 13:34:30,737 - INFO -   - VAL: /usr/token/data/10800_GMGS_YZPT_AIP_MDL_TOKEN_INFO_20260428_20260423_D_00_0001.VAL
2026-04-28 13:34:30,737 - INFO -   - CHECK: /usr/token/data/10800_GMGS_YZPT_AIP_MDL_TOKEN_INFO_20260428_20260423_D_00_0001.CHECK
2026-04-28 13:34:30,737 - INFO - === 同步完成，生成 1 个文件 ===
2026-04-28 17:25:07,715 - INFO - === 开始同步 2026-04-23 的Token数据 ===
2026-04-28 17:25:07,715 - INFO - 数据库连接成功: /root/shijingjing/upload_tokens/one-api.db
2026-04-28 17:25:07,716 - INFO - 查询日期 2026-04-23 的数据 (时间戳: 1776873600 - 1776960000)
2026-04-28 17:25:07,717 - INFO - 查询到 2 条记录
2026-04-28 17:25:07,717 - INFO - 数据库连接已关闭
2026-04-28 17:25:07,717 - INFO - 转换 2 条记录为稽核系统格式
2026-04-28 17:25:07,718 - INFO - 生成文件：
2026-04-28 17:25:07,718 - INFO -   - DAT: /usr/token/data/10800_GMGS_YZPT_AIP_MDL_TOKEN_INFO_20260428_20260423_D_00_0001.DAT.gz
2026-04-28 17:25:07,718 - INFO -   - VAL: /usr/token/data/10800_GMGS_YZPT_AIP_MDL_TOKEN_INFO_20260428_20260423_D_00_0001.VAL
2026-04-28 17:25:07,718 - INFO -   - CHECK: /usr/token/data/10800_GMGS_YZPT_AIP_MDL_TOKEN_INFO_20260428_20260423_D_00_0001.CHECK
2026-04-28 17:25:07,718 - INFO - === 同步完成，生成 1 个文件 ===
2026-04-28 17:26:29,307 - INFO - === 开始同步 2026-04-23 的Token数据 ===
2026-04-28 17:26:29,307 - INFO - 数据库连接成功: /root/shijingjing/upload_tokens/one-api.db
2026-04-28 17:26:29,308 - INFO - 查询日期 2026-04-23 的数据 (时间戳: 1776873600 - 1776960000)
2026-04-28 17:26:29,309 - INFO - 查询到 2 条记录
2026-04-28 17:26:29,309 - INFO - 数据库连接已关闭
2026-04-28 17:26:29,309 - INFO - 转换 2 条记录为稽核系统格式
2026-04-28 17:26:29,310 - INFO - 生成文件：
2026-04-28 17:26:29,310 - INFO -   - DAT: /usr/token/data/10800_GMGS_YZPT_AIP_MDL_TOKEN_INFO_20260428_20260423_D_00_0001.DAT.gz
2026-04-28 17:26:29,310 - INFO -   - VAL: /usr/token/data/10800_GMGS_YZPT_AIP_MDL_TOKEN_INFO_20260428_20260423_D_00_0001.VAL
2026-04-28 17:26:29,310 - INFO -   - CHECK: /usr/token/data/10800_GMGS_YZPT_AIP_MDL_TOKEN_INFO_20260428_20260423_D_00_0001.CHECK
2026-04-28 17:26:29,310 - INFO - === 同步完成，生成 1 个文件 ===
2026-04-28 17:26:58,517 - INFO - === 开始同步 2026-04-23 的Token数据 ===
2026-04-28 17:26:58,517 - INFO - 数据库连接成功: /root/shijingjing/upload_tokens/one-api.db
2026-04-28 17:26:58,518 - INFO - 查询日期 2026-04-23 的数据 (时间戳: 1776873600 - 1776960000)
2026-04-28 17:26:58,519 - INFO - 查询到 2 条记录
2026-04-28 17:26:58,519 - INFO - 数据库连接已关闭
2026-04-28 17:26:58,519 - INFO - 转换 2 条记录为稽核系统格式
2026-04-28 17:26:58,519 - INFO - 生成文件：
2026-04-28 17:26:58,519 - INFO -   - DAT: /usr/token/data/10800_GMGS_YZPT_AIP_MDL_TOKEN_INFO_20260428_20260423_D_00_0001.DAT.gz
2026-04-28 17:26:58,519 - INFO -   - VAL: /usr/token/data/10800_GMGS_YZPT_AIP_MDL_TOKEN_INFO_20260428_20260423_D_00_0001.VAL
2026-04-28 17:26:58,519 - INFO -   - CHECK: /usr/token/data/10800_GMGS_YZPT_AIP_MDL_TOKEN_INFO_20260428_20260423_D_00_0001.CHECK
2026-04-28 17:26:58,520 - INFO - === 同步完成，生成 1 个文件 ===
2026-04-28 17:27:56,043 - INFO - === 开始同步 2026-04-23 的Token数据 ===
2026-04-28 17:27:56,043 - INFO - 数据库连接成功: /root/shijingjing/upload_tokens/one-api.db
2026-04-28 17:27:56,044 - INFO - 查询日期 2026-04-23 的数据 (时间戳: 1776873600 - 1776960000)
2026-04-28 17:27:56,045 - INFO - 查询到 2 条记录
2026-04-28 17:27:56,045 - INFO - 数据库连接已关闭
2026-04-28 17:27:56,045 - INFO - 转换 2 条记录为稽核系统格式
2026-04-28 17:27:56,046 - INFO - 生成文件：
2026-04-28 17:27:56,046 - INFO -   - DAT: /usr/token/data/10800_GMGS_YZPT_AIP_MDL_TOKEN_INFO_20260428_20260423_D_00_0001.DAT.gz
2026-04-28 17:27:56,046 - INFO -   - VAL: /usr/token/data/10800_GMGS_YZPT_AIP_MDL_TOKEN_INFO_20260428_20260423_D_00_0001.VAL
2026-04-28 17:27:56,046 - INFO -   - CHECK: /usr/token/data/10800_GMGS_YZPT_AIP_MDL_TOKEN_INFO_20260428_20260423_D_00_0001.CHECK
2026-04-28 17:27:56,046 - INFO - === 同步完成，生成 1 个文件 ===
2026-04-29 16:10:55,378 - INFO - === 开始同步 2026-04-23 的Token数据 ===
2026-04-29 16:10:55,378 - INFO - 数据库连接成功: /root/shijingjing/upload_tokens/one-api.db
2026-04-29 16:10:55,379 - INFO - 查询日期 2026-04-23 的数据 (时间戳: 1776873600 - 1776960000)
2026-04-29 16:10:55,380 - INFO - 查询到 2 条记录
2026-04-29 16:10:55,380 - INFO - 数据库连接已关闭
2026-04-29 16:10:55,380 - INFO - 转换 2 条记录为稽核系统格式
2026-04-29 16:10:55,380 - INFO - 生成文件：
2026-04-29 16:10:55,380 - INFO -   - DAT: /usr/token/data/10800_GMGS_YZPT_AIP_MDL_TOKEN_INFO_20260429_20260423_D_01_0001.DAT.gz
2026-04-29 16:10:55,380 - INFO -   - VAL: /usr/token/data/10800_GMGS_YZPT_AIP_MDL_TOKEN_INFO_20260429_20260423_D_01_0001.VAL
2026-04-29 16:10:55,380 - INFO -   - CHECK: /usr/token/data/10800_GMGS_YZPT_AIP_MDL_TOKEN_INFO_20260429_20260423_D_01_0001.CHECK
2026-04-29 16:10:55,380 - INFO - === 同步完成，生成 1 个文件 ===
2026-04-29 16:17:02,544 - INFO - === 开始同步 2026-04-23 的Token数据 ===
2026-04-29 16:17:02,544 - INFO - 数据库连接成功: /root/shijingjing/upload_tokens/one-api.db
2026-04-29 16:17:02,546 - INFO - 查询日期 2026-04-23 的数据 (时间戳: 1776873600 - 1776960000)
2026-04-29 16:17:02,546 - INFO - 查询到 2 条记录
2026-04-29 16:17:02,546 - INFO - 数据库连接已关闭
2026-04-29 16:17:02,546 - INFO - 转换 2 条记录为稽核系统格式
2026-04-29 16:17:02,547 - INFO - 生成文件：
2026-04-29 16:17:02,547 - INFO -   - DAT: /usr/token/data/10800_GMGS_YZPT_AIP_MDL_TOKEN_INFO_20260429_20260423_D_01_0001.DAT.gz
2026-04-29 16:17:02,547 - INFO -   - VAL: /usr/token/data/10800_GMGS_YZPT_AIP_MDL_TOKEN_INFO_20260429_20260423_D_01_0001.VAL
2026-04-29 16:17:02,547 - INFO -   - CHECK: /usr/token/data/10800_GMGS_YZPT_AIP_MDL_TOKEN_INFO_20260429_20260423_D_01_0001.CHECK
2026-04-29 16:17:02,547 - INFO - === 同步完成，生成 1 个文件 ===
